<?xml version="1.0" encoding="UTF-8"?>
<testng-results ignored="0" total="1" passed="1" failed="0" skipped="0">
  <reporter-output>
  </reporter-output>
  <suite started-at="2024-12-05T00:15:09 EET" name="Default suite" finished-at="2024-12-05T00:15:52 EET" duration-ms="42187">
    <groups>
    </groups>
    <test started-at="2024-12-05T00:15:09 EET" name="Default test" finished-at="2024-12-05T00:15:52 EET" duration-ms="42187">
      <class name="appium.TestMultiply">
        <test-method is-config="true" signature="setUp()[pri:0, instance:appium.TestMultiply@1f2586d6]" started-at="2024-12-05T00:15:10 EET" name="setUp" finished-at="2024-12-05T00:15:23 EET" duration-ms="13718" status="PASS">
          <reporter-output>
          </reporter-output>
        </test-method> <!-- setUp -->
        <test-method signature="testMultiply()[pri:0, instance:appium.TestMultiply@1f2586d6]" started-at="2024-12-05T00:15:23 EET" name="testMultiply" finished-at="2024-12-05T00:15:52 EET" duration-ms="28392" status="PASS">
          <reporter-output>
          </reporter-output>
        </test-method> <!-- testMultiply -->
      </class> <!-- appium.TestMultiply -->
    </test> <!-- Default test -->
  </suite> <!-- Default suite -->
</testng-results>
